<?xml version="1.0" encoding="UTF-8"?>
<!-- Generated by org.testng.reporters.JUnitReportReporter -->
<testsuite skipped="0" hostname="Jaisuriya" name="com.qa.testscripts.TC_FlipkartLogin_001" tests="1" failures="0" timestamp="2022-01-17T10:30:51 IST" time="4.197" errors="0">
  <testcase name="logIn" time="4.197" classname="com.qa.testscripts.TC_FlipkartLogin_001"/>
  <system-out/>
</testsuite> <!-- com.qa.testscripts.TC_FlipkartLogin_001 -->
